[0m13:28:28.649546 [debug] [MainThread]: Sending event: {'category': 'dbt', 'action': 'invocation', 'label': 'start', 'context': [<snowplow_tracker.self_describing_json.SelfDescribingJson object at 0x000002A3181059C0>, <snowplow_tracker.self_describing_json.SelfDescribingJson object at 0x000002A318FC2710>, <snowplow_tracker.self_describing_json.SelfDescribingJson object at 0x000002A318FC30D0>]}


============================== 13:28:28.661017 | da79d9ef-a60f-4d28-8e55-0b08d0704295 ==============================
[0m13:28:28.661017 [info ] [MainThread]: Running with dbt=1.11.2
[0m13:28:28.663026 [debug] [MainThread]: running dbt with arguments {'static_parser': 'True', 'no_print': 'None', 'version_check': 'True', 'target_path': 'None', 'warn_error_options': 'WarnErrorOptionsV2(error=[], warn=[], silence=[])', 'printer_width': '80', 'write_json': 'True', 'introspect': 'True', 'log_cache_events': 'False', 'empty': 'None', 'cache_selected_only': 'False', 'log_format': 'default', 'debug': 'False', 'fail_fast': 'False', 'profiles_dir': 'C:\\Users\\caell\\.dbt', 'send_anonymous_usage_stats': 'True', 'quiet': 'False', 'warn_error': 'None', 'partial_parse': 'True', 'invocation_command': 'dbt init', 'use_colors': 'True', 'indirect_selection': 'eager', 'use_experimental_parser': 'False', 'log_path': 'logs'}
[0m13:28:28.857969 [info ] [MainThread]: Creating dbt configuration folder at C:\Users\caell\.dbt
[0m13:28:54.462933 [debug] [MainThread]: Starter project path: C:\Users\caell\Desktop\data proj\data-engineering-project-main\dbproject-env\lib\site-packages\dbt\include\starter_project
[0m13:28:54.546293 [info ] [MainThread]: 
Your new dbt project "postgres_proj" was created!

For more information on how to configure the profiles.yml file,
please consult the dbt documentation here:

  https://docs.getdbt.com/docs/configure-your-profile

One more thing:

Need help? Don't hesitate to reach out to us via GitHub issues or on Slack:

  https://community.getdbt.com/

Happy modeling!

[0m13:28:54.547287 [info ] [MainThread]: Setting up your profile.
[0m13:33:38.631634 [info ] [MainThread]: Profile postgres_proj written to C:\Users\caell\.dbt\profiles.yml using target's profile_template.yml and your supplied values. Run 'dbt debug' to validate the connection.
[0m13:33:38.633045 [debug] [MainThread]: Command `dbt init` succeeded at 13:33:38.633045 after 310.08 seconds
[0m13:33:38.634559 [debug] [MainThread]: Sending event: {'category': 'dbt', 'action': 'invocation', 'label': 'end', 'context': [<snowplow_tracker.self_describing_json.SelfDescribingJson object at 0x000002A3181059C0>, <snowplow_tracker.self_describing_json.SelfDescribingJson object at 0x000002A318F876D0>, <snowplow_tracker.self_describing_json.SelfDescribingJson object at 0x000002A31A03D8D0>]}
[0m13:33:38.634559 [debug] [MainThread]: Flushing usage events
[0m13:33:39.408462 [debug] [MainThread]: An error was encountered while trying to flush usage events
[0m10:23:09.352722 [debug] [MainThread]: Sending event: {'category': 'dbt', 'action': 'invocation', 'label': 'start', 'context': [<snowplow_tracker.self_describing_json.SelfDescribingJson object at 0x0000022A1D905A80>, <snowplow_tracker.self_describing_json.SelfDescribingJson object at 0x0000022A1F7C26E0>, <snowplow_tracker.self_describing_json.SelfDescribingJson object at 0x0000022A1F7C15A0>]}


============================== 10:23:09.354290 | 620bb9cf-aa1a-4b19-a537-e9e9d55175ba ==============================
[0m10:23:09.354290 [info ] [MainThread]: Running with dbt=1.11.2
[0m10:23:09.354290 [debug] [MainThread]: running dbt with arguments {'version_check': 'True', 'no_print': 'None', 'static_parser': 'True', 'warn_error_options': 'WarnErrorOptionsV2(error=[], warn=[], silence=[])', 'target_path': 'None', 'printer_width': '80', 'write_json': 'True', 'introspect': 'True', 'log_cache_events': 'False', 'empty': 'False', 'cache_selected_only': 'False', 'log_format': 'default', 'debug': 'False', 'fail_fast': 'False', 'profiles_dir': 'C:\\Users\\caell\\.dbt', 'send_anonymous_usage_stats': 'True', 'quiet': 'False', 'warn_error': 'None', 'partial_parse': 'True', 'use_colors': 'True', 'invocation_command': 'dbt run --select my_first_dbt_model.sql', 'indirect_selection': 'eager', 'use_experimental_parser': 'False', 'log_path': 'logs'}
[0m10:23:09.363711 [error] [MainThread]: Encountered an error:
Runtime Error
  No dbt_project.yml found at expected path C:\Users\caell\Desktop\data proj\data-engineering-project-main\dbt_project.yml
  Verify that each entry within packages.yml (and their transitive dependencies) contains a file named dbt_project.yml
  
[0m10:23:09.363711 [debug] [MainThread]: Command `dbt run` failed at 10:23:09.363711 after 0.16 seconds
[0m10:23:09.363711 [debug] [MainThread]: Sending event: {'category': 'dbt', 'action': 'invocation', 'label': 'end', 'context': [<snowplow_tracker.self_describing_json.SelfDescribingJson object at 0x0000022A1D905A80>, <snowplow_tracker.self_describing_json.SelfDescribingJson object at 0x0000022A1F7C30A0>, <snowplow_tracker.self_describing_json.SelfDescribingJson object at 0x0000022A1F7C26E0>]}
[0m10:23:09.363711 [debug] [MainThread]: Flushing usage events
[0m10:23:10.908550 [debug] [MainThread]: An error was encountered while trying to flush usage events
[0m10:24:34.059734 [debug] [MainThread]: Sending event: {'category': 'dbt', 'action': 'invocation', 'label': 'start', 'context': [<snowplow_tracker.self_describing_json.SelfDescribingJson object at 0x000001BF5BD059C0>, <snowplow_tracker.self_describing_json.SelfDescribingJson object at 0x000001BF5CBC2710>, <snowplow_tracker.self_describing_json.SelfDescribingJson object at 0x000001BF5CBC1900>]}


============================== 10:24:34.070040 | c83fbfb0-b9e2-4bfa-8569-142fa39ebe35 ==============================
[0m10:24:34.070040 [info ] [MainThread]: Running with dbt=1.11.2
[0m10:24:34.070040 [debug] [MainThread]: running dbt with arguments {'static_parser': 'True', 'no_print': 'None', 'version_check': 'True', 'warn_error_options': 'WarnErrorOptionsV2(error=[], warn=[], silence=[])', 'target_path': 'None', 'printer_width': '80', 'write_json': 'True', 'empty': 'None', 'log_cache_events': 'False', 'introspect': 'True', 'cache_selected_only': 'False', 'fail_fast': 'False', 'debug': 'False', 'log_format': 'default', 'profiles_dir': 'C:\\Users\\caell\\.dbt', 'send_anonymous_usage_stats': 'True', 'quiet': 'False', 'warn_error': 'None', 'partial_parse': 'True', 'indirect_selection': 'eager', 'use_colors': 'True', 'invocation_command': 'dbt debug', 'use_experimental_parser': 'False', 'log_path': 'logs'}
[0m10:24:34.174453 [info ] [MainThread]: dbt version: 1.11.2
[0m10:24:34.174453 [info ] [MainThread]: python version: 3.10.11
[0m10:24:34.174453 [info ] [MainThread]: python path: C:\Users\caell\Desktop\data proj\data-engineering-project-main\dbproject-env\Scripts\python.exe
[0m10:24:34.174453 [info ] [MainThread]: os info: Windows-10-10.0.26100-SP0
[0m10:24:34.266558 [info ] [MainThread]: Using profiles dir at C:\Users\caell\.dbt
[0m10:24:34.267645 [info ] [MainThread]: Using profiles.yml file at C:\Users\caell\.dbt\profiles.yml
[0m10:24:34.267645 [info ] [MainThread]: Using dbt_project.yml file at C:\Users\caell\Desktop\data proj\data-engineering-project-main\dbt_project.yml
[0m10:24:34.267645 [info ] [MainThread]: adapter type: postgres
[0m10:24:34.267645 [info ] [MainThread]: adapter version: 1.10.0
[0m10:24:34.273431 [info ] [MainThread]: Configuration:
[0m10:24:34.274277 [info ] [MainThread]:   profiles.yml file [[32mOK found and valid[0m]
[0m10:24:34.274277 [info ] [MainThread]:   dbt_project.yml file [[31mERROR not found[0m]
[0m10:24:34.274277 [info ] [MainThread]: Required dependencies:
[0m10:24:34.274277 [debug] [MainThread]: Executing "git --help"
[0m10:24:34.320898 [debug] [MainThread]: STDOUT: "b"usage: git [-v | --version] [-h | --help] [-C <path>] [-c <name>=<value>]\n           [--exec-path[=<path>]] [--html-path] [--man-path] [--info-path]\n           [-p | --paginate | -P | --no-pager] [--no-replace-objects] [--bare]\n           [--git-dir=<path>] [--work-tree=<path>] [--namespace=<name>]\n           [--super-prefix=<path>] [--config-env=<name>=<envvar>]\n           <command> [<args>]\n\nThese are common Git commands used in various situations:\n\nstart a working area (see also: git help tutorial)\n   clone     Clone a repository into a new directory\n   init      Create an empty Git repository or reinitialize an existing one\n\nwork on the current change (see also: git help everyday)\n   add       Add file contents to the index\n   mv        Move or rename a file, a directory, or a symlink\n   restore   Restore working tree files\n   rm        Remove files from the working tree and from the index\n\nexamine the history and state (see also: git help revisions)\n   bisect    Use binary search to find the commit that introduced a bug\n   diff      Show changes between commits, commit and working tree, etc\n   grep      Print lines matching a pattern\n   log       Show commit logs\n   show      Show various types of objects\n   status    Show the working tree status\n\ngrow, mark and tweak your common history\n   branch    List, create, or delete branches\n   commit    Record changes to the repository\n   merge     Join two or more development histories together\n   rebase    Reapply commits on top of another base tip\n   reset     Reset current HEAD to the specified state\n   switch    Switch branches\n   tag       Create, list, delete or verify a tag object signed with GPG\n\ncollaborate (see also: git help workflows)\n   fetch     Download objects and refs from another repository\n   pull      Fetch from and integrate with another repository or a local branch\n   push      Update remote refs along with associated objects\n\n'git help -a' and 'git help -g' list available subcommands and some\nconcept guides. See 'git help <command>' or 'git help <concept>'\nto read about a specific subcommand or concept.\nSee 'git help git' for an overview of the system.\n""
[0m10:24:34.320898 [debug] [MainThread]: STDERR: "b''"
[0m10:24:34.320898 [info ] [MainThread]:  - git [[32mOK found[0m]

[0m10:24:34.320898 [info ] [MainThread]: Connection:
[0m10:24:34.320898 [info ] [MainThread]:   host: localhost
[0m10:24:34.320898 [info ] [MainThread]:   port: 5432
[0m10:24:34.320898 [info ] [MainThread]:   user: charry
[0m10:24:34.320898 [info ] [MainThread]:   database: project-db
[0m10:24:34.330088 [info ] [MainThread]:   schema: staging
[0m10:24:34.330698 [info ] [MainThread]:   connect_timeout: 10
[0m10:24:34.331726 [info ] [MainThread]:   role: None
[0m10:24:34.333184 [info ] [MainThread]:   search_path: None
[0m10:24:34.333184 [info ] [MainThread]:   keepalives_idle: 0
[0m10:24:34.336171 [info ] [MainThread]:   sslmode: None
[0m10:24:34.336171 [info ] [MainThread]:   sslcert: None
[0m10:24:34.337996 [info ] [MainThread]:   sslkey: None
[0m10:24:34.339709 [info ] [MainThread]:   sslrootcert: None
[0m10:24:34.340233 [info ] [MainThread]:   application_name: dbt
[0m10:24:34.340233 [info ] [MainThread]:   retries: 1
[0m10:24:34.343522 [info ] [MainThread]: Registered adapter: postgres=1.10.0
[0m10:24:35.203942 [debug] [MainThread]: Acquiring new postgres connection 'debug'
[0m10:24:38.789056 [debug] [MainThread]: Using postgres connection "debug"
[0m10:24:38.789056 [debug] [MainThread]: On debug: select 1 as id
[0m10:24:38.792935 [debug] [MainThread]: Opening a new connection, currently in state init
[0m10:24:38.845366 [debug] [MainThread]: SQL status: SELECT 1 in 0.054 seconds
[0m10:24:38.849356 [debug] [MainThread]: On debug: Close
[0m10:24:38.849356 [info ] [MainThread]:   Connection test: [[32mOK connection ok[0m]

[0m10:24:38.849356 [info ] [MainThread]: [31m1 check failed:[0m
[0m10:24:38.849356 [info ] [MainThread]: Project loading failed for the following reason:
 project path <C:\Users\caell\Desktop\data proj\data-engineering-project-main\dbt_project.yml> not found

[0m10:24:38.849356 [debug] [MainThread]: Command `dbt debug` failed at 10:24:38.849356 after 4.93 seconds
[0m10:24:38.849356 [debug] [MainThread]: Connection 'debug' was properly closed.
[0m10:24:38.857039 [debug] [MainThread]: Sending event: {'category': 'dbt', 'action': 'invocation', 'label': 'end', 'context': [<snowplow_tracker.self_describing_json.SelfDescribingJson object at 0x000001BF5BD059C0>, <snowplow_tracker.self_describing_json.SelfDescribingJson object at 0x000001BF5CD87F10>, <snowplow_tracker.self_describing_json.SelfDescribingJson object at 0x000001BF5CD87250>]}
[0m10:24:38.857039 [debug] [MainThread]: Flushing usage events
[0m10:24:39.891094 [debug] [MainThread]: An error was encountered while trying to flush usage events
[0m10:30:54.680634 [debug] [MainThread]: Sending event: {'category': 'dbt', 'action': 'invocation', 'label': 'start', 'context': [<snowplow_tracker.self_describing_json.SelfDescribingJson object at 0x0000021CDF605930>, <snowplow_tracker.self_describing_json.SelfDescribingJson object at 0x0000021CE14C3C40>, <snowplow_tracker.self_describing_json.SelfDescribingJson object at 0x0000021CE14C3250>]}


============================== 10:30:54.680634 | e3092076-5e87-4221-a667-47517d71bfb1 ==============================
[0m10:30:54.680634 [info ] [MainThread]: Running with dbt=1.11.2
[0m10:30:54.680634 [debug] [MainThread]: running dbt with arguments {'static_parser': 'True', 'no_print': 'None', 'version_check': 'True', 'target_path': 'None', 'warn_error_options': 'WarnErrorOptionsV2(error=[], warn=[], silence=[])', 'printer_width': '80', 'write_json': 'True', 'introspect': 'True', 'log_cache_events': 'False', 'empty': 'None', 'cache_selected_only': 'False', 'log_format': 'default', 'debug': 'False', 'fail_fast': 'False', 'profiles_dir': 'C:\\Users\\caell\\.dbt', 'send_anonymous_usage_stats': 'True', 'quiet': 'False', 'warn_error': 'None', 'partial_parse': 'True', 'use_colors': 'True', 'indirect_selection': 'eager', 'invocation_command': 'dbt debug', 'use_experimental_parser': 'False', 'log_path': 'logs'}
[0m10:30:54.721502 [info ] [MainThread]: dbt version: 1.11.2
[0m10:30:54.722713 [info ] [MainThread]: python version: 3.10.11
[0m10:30:54.722713 [info ] [MainThread]: python path: C:\Users\caell\Desktop\data proj\data-engineering-project-main\dbproject-env\Scripts\python.exe
[0m10:30:54.724737 [info ] [MainThread]: os info: Windows-10-10.0.26100-SP0
[0m10:30:54.798206 [info ] [MainThread]: Using profiles dir at C:\Users\caell\.dbt
[0m10:30:54.799941 [info ] [MainThread]: Using profiles.yml file at C:\Users\caell\.dbt\profiles.yml
[0m10:30:54.799941 [info ] [MainThread]: Using dbt_project.yml file at C:\Users\caell\Desktop\data proj\data-engineering-project-main\dbt_project.yml
[0m10:30:54.799941 [info ] [MainThread]: adapter type: postgres
[0m10:30:54.803243 [info ] [MainThread]: adapter version: 1.10.0
[0m10:30:54.803243 [info ] [MainThread]: Configuration:
[0m10:30:54.805038 [info ] [MainThread]:   profiles.yml file [[32mOK found and valid[0m]
[0m10:30:54.806748 [info ] [MainThread]:   dbt_project.yml file [[31mERROR not found[0m]
[0m10:30:54.806748 [info ] [MainThread]: Required dependencies:
[0m10:30:54.808101 [debug] [MainThread]: Executing "git --help"
[0m10:30:54.847314 [debug] [MainThread]: STDOUT: "b"usage: git [-v | --version] [-h | --help] [-C <path>] [-c <name>=<value>]\n           [--exec-path[=<path>]] [--html-path] [--man-path] [--info-path]\n           [-p | --paginate | -P | --no-pager] [--no-replace-objects] [--bare]\n           [--git-dir=<path>] [--work-tree=<path>] [--namespace=<name>]\n           [--super-prefix=<path>] [--config-env=<name>=<envvar>]\n           <command> [<args>]\n\nThese are common Git commands used in various situations:\n\nstart a working area (see also: git help tutorial)\n   clone     Clone a repository into a new directory\n   init      Create an empty Git repository or reinitialize an existing one\n\nwork on the current change (see also: git help everyday)\n   add       Add file contents to the index\n   mv        Move or rename a file, a directory, or a symlink\n   restore   Restore working tree files\n   rm        Remove files from the working tree and from the index\n\nexamine the history and state (see also: git help revisions)\n   bisect    Use binary search to find the commit that introduced a bug\n   diff      Show changes between commits, commit and working tree, etc\n   grep      Print lines matching a pattern\n   log       Show commit logs\n   show      Show various types of objects\n   status    Show the working tree status\n\ngrow, mark and tweak your common history\n   branch    List, create, or delete branches\n   commit    Record changes to the repository\n   merge     Join two or more development histories together\n   rebase    Reapply commits on top of another base tip\n   reset     Reset current HEAD to the specified state\n   switch    Switch branches\n   tag       Create, list, delete or verify a tag object signed with GPG\n\ncollaborate (see also: git help workflows)\n   fetch     Download objects and refs from another repository\n   pull      Fetch from and integrate with another repository or a local branch\n   push      Update remote refs along with associated objects\n\n'git help -a' and 'git help -g' list available subcommands and some\nconcept guides. See 'git help <command>' or 'git help <concept>'\nto read about a specific subcommand or concept.\nSee 'git help git' for an overview of the system.\n""
[0m10:30:54.847314 [debug] [MainThread]: STDERR: "b''"
[0m10:30:54.850751 [info ] [MainThread]:  - git [[32mOK found[0m]

[0m10:30:54.852766 [info ] [MainThread]: Connection:
[0m10:30:54.852766 [info ] [MainThread]:   host: localhost
[0m10:30:54.854788 [info ] [MainThread]:   port: 5432
[0m10:30:54.855529 [info ] [MainThread]:   user: charry
[0m10:30:54.857860 [info ] [MainThread]:   database: project-db
[0m10:30:54.859171 [info ] [MainThread]:   schema: staging
[0m10:30:54.859171 [info ] [MainThread]:   connect_timeout: 10
[0m10:30:54.859171 [info ] [MainThread]:   role: None
[0m10:30:54.859171 [info ] [MainThread]:   search_path: None
[0m10:30:54.859171 [info ] [MainThread]:   keepalives_idle: 0
[0m10:30:54.863612 [info ] [MainThread]:   sslmode: None
[0m10:30:54.864171 [info ] [MainThread]:   sslcert: None
[0m10:30:54.864171 [info ] [MainThread]:   sslkey: None
[0m10:30:54.864171 [info ] [MainThread]:   sslrootcert: None
[0m10:30:54.864171 [info ] [MainThread]:   application_name: dbt
[0m10:30:54.864171 [info ] [MainThread]:   retries: 1
[0m10:30:54.868260 [info ] [MainThread]: Registered adapter: postgres=1.10.0
[0m10:30:55.437295 [debug] [MainThread]: Acquiring new postgres connection 'debug'
[0m10:30:55.543649 [debug] [MainThread]: Using postgres connection "debug"
[0m10:30:55.543649 [debug] [MainThread]: On debug: select 1 as id
[0m10:30:55.545656 [debug] [MainThread]: Opening a new connection, currently in state init
[0m10:30:55.570486 [debug] [MainThread]: SQL status: SELECT 1 in 0.025 seconds
[0m10:30:55.570486 [debug] [MainThread]: On debug: Close
[0m10:30:55.572992 [info ] [MainThread]:   Connection test: [[32mOK connection ok[0m]

[0m10:30:55.574998 [info ] [MainThread]: [31m1 check failed:[0m
[0m10:30:55.574998 [info ] [MainThread]: Project loading failed for the following reason:
 project path <C:\Users\caell\Desktop\data proj\data-engineering-project-main\dbt_project.yml> not found

[0m10:30:55.578098 [debug] [MainThread]: Command `dbt debug` failed at 10:30:55.578098 after 1.01 seconds
[0m10:30:55.578783 [debug] [MainThread]: Connection 'debug' was properly closed.
[0m10:30:55.578783 [debug] [MainThread]: Sending event: {'category': 'dbt', 'action': 'invocation', 'label': 'end', 'context': [<snowplow_tracker.self_describing_json.SelfDescribingJson object at 0x0000021CDF605930>, <snowplow_tracker.self_describing_json.SelfDescribingJson object at 0x0000021CE16861A0>, <snowplow_tracker.self_describing_json.SelfDescribingJson object at 0x0000021CE1684700>]}
[0m10:30:55.580806 [debug] [MainThread]: Flushing usage events
[0m10:30:58.675541 [debug] [MainThread]: An error was encountered while trying to flush usage events
[0m10:34:18.150754 [debug] [MainThread]: Sending event: {'category': 'dbt', 'action': 'invocation', 'label': 'start', 'context': [<snowplow_tracker.self_describing_json.SelfDescribingJson object at 0x000001AC9C0059C0>, <snowplow_tracker.self_describing_json.SelfDescribingJson object at 0x000001AC9CEC2710>, <snowplow_tracker.self_describing_json.SelfDescribingJson object at 0x000001AC9CEC1900>]}


============================== 10:34:18.150754 | 37b33088-2db9-4cb4-ac36-8708b94419f7 ==============================
[0m10:34:18.150754 [info ] [MainThread]: Running with dbt=1.11.2
[0m10:34:18.158545 [debug] [MainThread]: running dbt with arguments {'static_parser': 'True', 'no_print': 'None', 'version_check': 'True', 'warn_error_options': 'WarnErrorOptionsV2(error=[], warn=[], silence=[])', 'target_path': 'None', 'printer_width': '80', 'write_json': 'True', 'introspect': 'True', 'log_cache_events': 'False', 'empty': 'None', 'cache_selected_only': 'False', 'log_format': 'default', 'debug': 'False', 'fail_fast': 'False', 'profiles_dir': 'C:\\Users\\caell\\.dbt', 'send_anonymous_usage_stats': 'True', 'quiet': 'False', 'warn_error': 'None', 'partial_parse': 'True', 'invocation_command': 'dbt debug', 'use_colors': 'True', 'indirect_selection': 'eager', 'use_experimental_parser': 'False', 'log_path': 'logs'}
[0m10:34:18.191286 [info ] [MainThread]: dbt version: 1.11.2
[0m10:34:18.191286 [info ] [MainThread]: python version: 3.10.11
[0m10:34:18.194044 [info ] [MainThread]: python path: C:\Users\caell\Desktop\data proj\data-engineering-project-main\dbproject-env\Scripts\python.exe
[0m10:34:18.194387 [info ] [MainThread]: os info: Windows-10-10.0.26100-SP0
[0m10:34:18.274623 [info ] [MainThread]: Using profiles dir at C:\Users\caell\.dbt
[0m10:34:18.274623 [info ] [MainThread]: Using profiles.yml file at C:\Users\caell\.dbt\profiles.yml
[0m10:34:18.274623 [info ] [MainThread]: Using dbt_project.yml file at C:\Users\caell\Desktop\data proj\data-engineering-project-main\dbt_project.yml
[0m10:34:18.279130 [info ] [MainThread]: adapter type: postgres
[0m10:34:18.279993 [info ] [MainThread]: adapter version: 1.10.0
[0m10:34:18.279993 [info ] [MainThread]: Configuration:
[0m10:34:18.282006 [info ] [MainThread]:   profiles.yml file [[32mOK found and valid[0m]
[0m10:34:18.282006 [info ] [MainThread]:   dbt_project.yml file [[31mERROR not found[0m]
[0m10:34:18.284983 [info ] [MainThread]: Required dependencies:
[0m10:34:18.284983 [debug] [MainThread]: Executing "git --help"
[0m10:34:18.330451 [debug] [MainThread]: STDOUT: "b"usage: git [-v | --version] [-h | --help] [-C <path>] [-c <name>=<value>]\n           [--exec-path[=<path>]] [--html-path] [--man-path] [--info-path]\n           [-p | --paginate | -P | --no-pager] [--no-replace-objects] [--bare]\n           [--git-dir=<path>] [--work-tree=<path>] [--namespace=<name>]\n           [--super-prefix=<path>] [--config-env=<name>=<envvar>]\n           <command> [<args>]\n\nThese are common Git commands used in various situations:\n\nstart a working area (see also: git help tutorial)\n   clone     Clone a repository into a new directory\n   init      Create an empty Git repository or reinitialize an existing one\n\nwork on the current change (see also: git help everyday)\n   add       Add file contents to the index\n   mv        Move or rename a file, a directory, or a symlink\n   restore   Restore working tree files\n   rm        Remove files from the working tree and from the index\n\nexamine the history and state (see also: git help revisions)\n   bisect    Use binary search to find the commit that introduced a bug\n   diff      Show changes between commits, commit and working tree, etc\n   grep      Print lines matching a pattern\n   log       Show commit logs\n   show      Show various types of objects\n   status    Show the working tree status\n\ngrow, mark and tweak your common history\n   branch    List, create, or delete branches\n   commit    Record changes to the repository\n   merge     Join two or more development histories together\n   rebase    Reapply commits on top of another base tip\n   reset     Reset current HEAD to the specified state\n   switch    Switch branches\n   tag       Create, list, delete or verify a tag object signed with GPG\n\ncollaborate (see also: git help workflows)\n   fetch     Download objects and refs from another repository\n   pull      Fetch from and integrate with another repository or a local branch\n   push      Update remote refs along with associated objects\n\n'git help -a' and 'git help -g' list available subcommands and some\nconcept guides. See 'git help <command>' or 'git help <concept>'\nto read about a specific subcommand or concept.\nSee 'git help git' for an overview of the system.\n""
[0m10:34:18.330451 [debug] [MainThread]: STDERR: "b''"
[0m10:34:18.332473 [info ] [MainThread]:  - git [[32mOK found[0m]

[0m10:34:18.332473 [info ] [MainThread]: Connection:
[0m10:34:18.332473 [info ] [MainThread]:   host: localhost
[0m10:34:18.332473 [info ] [MainThread]:   port: 5432
[0m10:34:18.332473 [info ] [MainThread]:   user: charry
[0m10:34:18.337958 [info ] [MainThread]:   database: project-db
[0m10:34:18.337958 [info ] [MainThread]:   schema: staging
[0m10:34:18.339757 [info ] [MainThread]:   connect_timeout: 10
[0m10:34:18.339757 [info ] [MainThread]:   role: None
[0m10:34:18.339757 [info ] [MainThread]:   search_path: None
[0m10:34:18.344479 [info ] [MainThread]:   keepalives_idle: 0
[0m10:34:18.345537 [info ] [MainThread]:   sslmode: None
[0m10:34:18.346506 [info ] [MainThread]:   sslcert: None
[0m10:34:18.346506 [info ] [MainThread]:   sslkey: None
[0m10:34:18.348018 [info ] [MainThread]:   sslrootcert: None
[0m10:34:18.348018 [info ] [MainThread]:   application_name: dbt
[0m10:34:18.348018 [info ] [MainThread]:   retries: 1
[0m10:34:18.351524 [info ] [MainThread]: Registered adapter: postgres=1.10.0
[0m10:34:19.064430 [debug] [MainThread]: Acquiring new postgres connection 'debug'
[0m10:34:19.167563 [debug] [MainThread]: Using postgres connection "debug"
[0m10:34:19.167563 [debug] [MainThread]: On debug: select 1 as id
[0m10:34:19.167563 [debug] [MainThread]: Opening a new connection, currently in state init
[0m10:34:19.212301 [debug] [MainThread]: SQL status: SELECT 1 in 0.039 seconds
[0m10:34:19.214326 [debug] [MainThread]: On debug: Close
[0m10:34:19.216337 [info ] [MainThread]:   Connection test: [[32mOK connection ok[0m]

[0m10:34:19.218350 [info ] [MainThread]: [31m1 check failed:[0m
[0m10:34:19.218350 [info ] [MainThread]: Project loading failed for the following reason:
 project path <C:\Users\caell\Desktop\data proj\data-engineering-project-main\dbt_project.yml> not found

[0m10:34:19.218350 [debug] [MainThread]: Command `dbt debug` failed at 10:34:19.218350 after 1.24 seconds
[0m10:34:19.218350 [debug] [MainThread]: Connection 'debug' was properly closed.
[0m10:34:19.218350 [debug] [MainThread]: Sending event: {'category': 'dbt', 'action': 'invocation', 'label': 'end', 'context': [<snowplow_tracker.self_describing_json.SelfDescribingJson object at 0x000001AC9C0059C0>, <snowplow_tracker.self_describing_json.SelfDescribingJson object at 0x000001AC9E083F10>, <snowplow_tracker.self_describing_json.SelfDescribingJson object at 0x000001AC9E083250>]}
[0m10:34:19.218350 [debug] [MainThread]: Flushing usage events
[0m10:34:20.461825 [debug] [MainThread]: An error was encountered while trying to flush usage events
[0m10:35:20.185126 [debug] [MainThread]: Sending event: {'category': 'dbt', 'action': 'invocation', 'label': 'start', 'context': [<snowplow_tracker.self_describing_json.SelfDescribingJson object at 0x0000021539625A20>, <snowplow_tracker.self_describing_json.SelfDescribingJson object at 0x000002153B5F1600>, <snowplow_tracker.self_describing_json.SelfDescribingJson object at 0x00000215396DFD30>]}


============================== 10:35:20.190276 | 22ac2de8-6a1f-4c7d-9f42-8efd39d67aaf ==============================
[0m10:35:20.190276 [info ] [MainThread]: Running with dbt=1.11.2
[0m10:35:20.196555 [debug] [MainThread]: running dbt with arguments {'version_check': 'True', 'no_print': 'None', 'static_parser': 'True', 'warn_error_options': 'WarnErrorOptionsV2(error=[], warn=[], silence=[])', 'target_path': 'None', 'printer_width': '80', 'write_json': 'True', 'introspect': 'True', 'log_cache_events': 'False', 'empty': 'False', 'cache_selected_only': 'False', 'fail_fast': 'False', 'debug': 'False', 'log_format': 'default', 'profiles_dir': 'C:\\Users\\caell\\.dbt', 'send_anonymous_usage_stats': 'True', 'quiet': 'False', 'warn_error': 'None', 'partial_parse': 'True', 'invocation_command': 'dbt run', 'use_colors': 'True', 'indirect_selection': 'eager', 'use_experimental_parser': 'False', 'log_path': 'logs'}
[0m10:35:20.198567 [error] [MainThread]: Encountered an error:
Runtime Error
  No dbt_project.yml found at expected path C:\Users\caell\Desktop\data proj\data-engineering-project-main\dbt_project.yml
  Verify that each entry within packages.yml (and their transitive dependencies) contains a file named dbt_project.yml
  
[0m10:35:20.201559 [debug] [MainThread]: Command `dbt run` failed at 10:35:20.201559 after 0.19 seconds
[0m10:35:20.202882 [debug] [MainThread]: Sending event: {'category': 'dbt', 'action': 'invocation', 'label': 'end', 'context': [<snowplow_tracker.self_describing_json.SelfDescribingJson object at 0x0000021539625A20>, <snowplow_tracker.self_describing_json.SelfDescribingJson object at 0x000002153B5F14E0>, <snowplow_tracker.self_describing_json.SelfDescribingJson object at 0x000002153B63C220>]}
[0m10:35:20.203299 [debug] [MainThread]: Flushing usage events
[0m10:35:21.083610 [debug] [MainThread]: An error was encountered while trying to flush usage events
[0m10:37:47.261355 [debug] [MainThread]: Sending event: {'category': 'dbt', 'action': 'invocation', 'label': 'start', 'context': [<snowplow_tracker.self_describing_json.SelfDescribingJson object at 0x0000021A892F5AB0>, <snowplow_tracker.self_describing_json.SelfDescribingJson object at 0x0000021A8B17AC20>, <snowplow_tracker.self_describing_json.SelfDescribingJson object at 0x0000021A8B17BE20>]}


============================== 10:37:47.271632 | a838c926-2e39-4558-96d0-9f8ca8fbf1be ==============================
[0m10:37:47.271632 [info ] [MainThread]: Running with dbt=1.11.2
[0m10:37:47.271632 [debug] [MainThread]: running dbt with arguments {'static_parser': 'True', 'no_print': 'None', 'version_check': 'True', 'target_path': 'None', 'warn_error_options': 'WarnErrorOptionsV2(error=[], warn=[], silence=[])', 'printer_width': '80', 'write_json': 'True', 'introspect': 'True', 'log_cache_events': 'False', 'empty': 'None', 'cache_selected_only': 'False', 'log_format': 'default', 'debug': 'False', 'fail_fast': 'False', 'profiles_dir': 'C:\\Users\\caell\\.dbt', 'send_anonymous_usage_stats': 'True', 'quiet': 'False', 'warn_error': 'None', 'partial_parse': 'True', 'use_colors': 'True', 'invocation_command': 'dbt ', 'indirect_selection': 'eager', 'use_experimental_parser': 'False', 'log_path': 'c:\\Users\\caell\\Desktop\\data proj\\data-engineering-project-main\\logs'}
[0m10:37:47.523727 [debug] [MainThread]: Sending event: {'category': 'dbt', 'action': 'project_id', 'label': 'a838c926-2e39-4558-96d0-9f8ca8fbf1be', 'context': [<snowplow_tracker.self_describing_json.SelfDescribingJson object at 0x0000021A8B17BBB0>]}
[0m10:37:47.565220 [info ] [MainThread]: Warning: No packages were found in packages.yml
[0m10:37:47.573878 [info ] [MainThread]: Warning: No packages were found in packages.yml
[0m10:37:47.576543 [debug] [MainThread]: Command `cli deps` succeeded at 10:37:47.576543 after 0.49 seconds
[0m10:37:47.576543 [debug] [MainThread]: Sending event: {'category': 'dbt', 'action': 'invocation', 'label': 'end', 'context': [<snowplow_tracker.self_describing_json.SelfDescribingJson object at 0x0000021A892F5AB0>, <snowplow_tracker.self_describing_json.SelfDescribingJson object at 0x0000021A8B17BBB0>, <snowplow_tracker.self_describing_json.SelfDescribingJson object at 0x0000021A8B17BB50>]}
[0m10:37:47.576543 [debug] [MainThread]: Flushing usage events
[0m10:37:49.806751 [debug] [MainThread]: An error was encountered while trying to flush usage events
